<?xml version="1.0" encoding="UTF-8"?>
<!-- Generated by org.testng.reporters.JUnitXMLReporter -->
<testsuite ignored="0" hostname="LENOVO" failures="0" tests="4" name="Test" time="134.035" errors="0" timestamp="2023-12-28T12:52:24 IST">
  <testcase classname="Set2.Car_Brand_01_Test" name="BMW" time="40.879"/>
  <testcase classname="Set2.Car_Brand_02_Test" name="MarutiSuzuki" time="35.387"/>
  <testcase classname="Set2.Car_Brand_03_Test" name="BENZ" time="12.78"/>
  <testcase classname="Set2.Car_Brand_03_Test" name="MarutiSuzuki" time="44.884"/>
</testsuite> <!-- Test -->
