<?xml version="1.0" encoding="UTF-8"?>
<testng-results ignored="0" total="1" passed="1" failed="0" skipped="0">
  <reporter-output>
    <line>
      <![CDATA[From BMW]]>
    </line>
  </reporter-output>
  <suite started-at="2023-12-28T16:58:15 IST" name="Default suite" finished-at="2023-12-28T16:59:05 IST" duration-ms="49815">
    <groups>
    </groups>
    <test started-at="2023-12-28T16:58:15 IST" name="Default test" finished-at="2023-12-28T16:59:05 IST" duration-ms="49815">
      <class name="Set2.Car_Brand_01_Test">
        <test-method signature="BMW()[pri:0, instance:Set2.Car_Brand_01_Test@29626d54]" started-at="2023-12-28T16:58:15 IST" name="BMW" finished-at="2023-12-28T16:59:05 IST" duration-ms="49759" status="PASS">
          <reporter-output>
            <line>
              <![CDATA[From BMW]]>
            </line>
          </reporter-output>
        </test-method> <!-- BMW -->
      </class> <!-- Set2.Car_Brand_01_Test -->
    </test> <!-- Default test -->
  </suite> <!-- Default suite -->
</testng-results>
