<?xml version="1.0" encoding="UTF-8"?>
<testng-results ignored="0" total="1" passed="1" failed="0" skipped="0">
  <reporter-output>
    <line>
      <![CDATA[From Lakme]]>
    </line>
  </reporter-output>
  <suite started-at="2023-12-28T15:37:58 IST" name="Surefire suite" finished-at="2023-12-28T15:39:21 IST" duration-ms="83273">
    <groups>
    </groups>
    <test started-at="2023-12-28T15:37:58 IST" name="Surefire test" finished-at="2023-12-28T15:39:21 IST" duration-ms="83273">
      <class name="Set2.Lakme_01">
        <test-method signature="lakme()[pri:0, instance:Set2.Lakme_01@52e677af]" started-at="2023-12-28T15:37:58 IST" name="lakme" finished-at="2023-12-28T15:39:21 IST" duration-ms="83220" status="PASS">
          <reporter-output>
            <line>
              <![CDATA[From Lakme]]>
            </line>
          </reporter-output>
        </test-method> <!-- lakme -->
      </class> <!-- Set2.Lakme_01 -->
    </test> <!-- Surefire test -->
  </suite> <!-- Surefire suite -->
</testng-results>
