<?xml version="1.0" encoding="UTF-8"?>
<!-- Generated by org.testng.reporters.JUnitXMLReporter -->
<testsuite ignored="0" hostname="LENOVO" failures="0" tests="4" name="Test" time="136.298" errors="0" timestamp="2023-12-28T12:54:50 IST">
  <testcase classname="Set2.Car_Brand_01_Test" name="BMW" time="40.235"/>
  <testcase classname="Set2.Car_Brand_02_Test" name="MarutiSuzuki" time="41.162"/>
  <testcase classname="Set2.Car_Brand_03_Test" name="BENZ" time="16.023"/>
  <testcase classname="Set2.Car_Brand_03_Test" name="MarutiSuzuki" time="38.822"/>
</testsuite> <!-- Test -->
